2025-12-01 12:20:35,762 [INFO] patients: Requesting list of patients
2025-12-01 12:20:37,817 [INFO] patients: Successfully retrieved 10 patients
2025-12-01 12:22:21,708 [INFO] patients: Requesting filtered patients
2025-12-01 12:22:23,862 [INFO] patients: Successfully retrieved filtered patients
2025-12-01 12:23:05,834 [INFO] patients: Requesting diagnosis count
2025-12-01 12:23:07,890 [INFO] patients: Successfully retrieved diagnosis count
2025-12-01 12:32:45,744 [INFO] patients: Requesting filtered patients
2025-12-01 12:32:47,842 [INFO] patients: Successfully retrieved filtered patients
2025-12-01 12:33:00,024 [INFO] patients: Requesting diagnosis count
2025-12-01 12:33:02,071 [INFO] patients: Successfully retrieved diagnosis count
2025-12-01 12:33:24,394 [INFO] patients: Requesting latest labs for patient ID: P109
2025-12-01 12:33:26,458 [ERROR] patients: Failed to retrieve latest labs for patient ID P109: 404 - {"error": "Patient not found"}
2025-12-01 12:35:32,724 [INFO] patients: Requesting latest labs for patient ID: P003
2025-12-01 12:35:34,787 [INFO] patients: Successfully retrieved latest labs for patient ID: P003
2025-12-01 14:23:44,108 [INFO] patients: Requesting list of patients
2025-12-01 14:23:46,179 [INFO] patients: Successfully retrieved 10 patients
2025-12-02 08:25:08,550 [INFO] patients: Requesting list of patients
2025-12-02 08:25:10,563 [ERROR] patients: Failed to retrieve patients: 404 - {"title": "404 Not Found"}
2025-12-02 08:28:17,982 [INFO] patients: Requesting list of patients
2025-12-02 08:28:19,989 [ERROR] patients: Failed to retrieve patients: 404 - {"title": "404 Not Found"}
2025-12-02 08:46:01,879 [INFO] patients: Requesting list of patients
2025-12-02 08:46:03,900 [INFO] patients: Successfully retrieved 10 patients
2025-12-02 08:46:16,174 [INFO] patients: Requesting diagnosis count
2025-12-02 08:46:18,252 [INFO] patients: Successfully retrieved diagnosis count
