2025-12-01 11:42:39,123 [INFO] users: Requesting list of all users
2025-12-01 11:42:41,227 [INFO] users: Successfully retrieved 0 users
2025-12-01 12:19:06,856 [INFO] users: Requesting list of all users
2025-12-01 12:19:08,946 [INFO] users: Successfully retrieved 10 users
2025-12-01 12:19:41,649 [INFO] users: Requesting user by ID: U002
2025-12-01 12:19:43,727 [ERROR] users: Failed to retrieve user by ID U002: 404 - 
2025-12-01 12:20:02,573 [INFO] users: Requesting user by ID: U109
2025-12-01 12:20:04,635 [INFO] users: Successfully retrieved user by ID: U109
2025-12-01 14:13:03,461 [INFO] users: Requesting list of all users
2025-12-01 14:17:09,665 [INFO] users: Requesting list of all users
2025-12-01 14:20:12,582 [INFO] users: Requesting list of all users
2025-12-01 14:20:14,800 [INFO] users: Successfully retrieved 10 users
2025-12-01 14:23:29,772 [INFO] users: Requesting list of all users
2025-12-01 14:23:31,830 [INFO] users: Successfully retrieved 10 users
2025-12-01 14:24:33,665 [INFO] users: Requesting list of all users
2025-12-01 14:24:35,705 [INFO] users: Successfully retrieved 10 users
2025-12-01 16:33:52,770 [INFO] users: Requesting list of all users
2025-12-01 16:33:54,838 [INFO] users: Successfully retrieved 10 users
2025-12-01 16:52:59,955 [INFO] users: Requesting list of all users
2025-12-01 16:53:02,038 [INFO] users: Successfully retrieved 0 users
2025-12-01 16:54:38,257 [INFO] users: Requesting list of all users
2025-12-01 16:54:40,316 [INFO] users: Successfully retrieved 10 users
2025-12-01 17:14:10,975 [INFO] users: Requesting list of all users
2025-12-01 17:14:13,016 [ERROR] users: Failed to retrieve users: 404 - {"title": "404 Not Found"}
2025-12-02 08:22:55,517 [INFO] users: Requesting list of all users
2025-12-02 08:22:57,534 [ERROR] users: Failed to retrieve users: 404 - {"title": "404 Not Found"}
2025-12-02 08:23:04,220 [INFO] users: Requesting list of all users
2025-12-02 08:23:06,228 [ERROR] users: Failed to retrieve users: 404 - {"title": "404 Not Found"}
2025-12-02 08:24:26,832 [INFO] users: Requesting list of all users
2025-12-02 08:24:28,840 [ERROR] users: Failed to retrieve users: 404 - {"title": "404 Not Found"}
2025-12-02 08:28:08,913 [INFO] users: Requesting list of all users
2025-12-02 08:28:10,919 [ERROR] users: Failed to retrieve users: 404 - {"title": "404 Not Found"}
2025-12-02 08:41:16,575 [INFO] users: Requesting list of all users
2025-12-02 08:41:18,585 [ERROR] users: Failed to retrieve users: 404 - {"title": "404 Not Found"}
2025-12-02 08:45:46,234 [INFO] users: Requesting list of all users
2025-12-02 08:45:48,247 [INFO] users: Successfully retrieved 10 users
